<?xml version="1.0" encoding="UTF-8"?>
<!-- Generated by org.testng.reporters.JUnitReportReporter -->
<testsuite hostname="DESKTOP-NL73JDH" failures="0" tests="3" name="testng.OpenWebsites" time="36.527" errors="0" timestamp="2022-11-19T13:43:25 CST" skipped="0">
  <testcase classname="testng.OpenWebsites" name="openingAmazonSite" time="15.001"/>
  <system-out/>
  <testcase classname="testng.OpenWebsites" name="openingYahooSite" time="13.819"/>
  <system-out/>
  <testcase classname="testng.OpenWebsites" name="openingCnbcSite" time="7.707"/>
  <system-out/>
</testsuite> <!-- testng.OpenWebsites -->
