<?xml version="1.0" encoding="UTF-8"?>
<!-- Generated by org.testng.reporters.JUnitReportReporter -->
<testsuite hostname="DESKTOP-NL73JDH" failures="0" tests="3" name="testng.PriorityTest" time="32.018" errors="0" timestamp="2022-11-19T13:59:25 CST" skipped="0">
  <testcase classname="testng.PriorityTest" name="openingAmazonSite" time="10.012"/>
  <system-out/>
  <testcase classname="testng.PriorityTest" name="openingCNBCSite" time="8.592"/>
  <system-out/>
  <testcase classname="testng.PriorityTest" name="openingYahooSite" time="13.414"/>
  <system-out/>
</testsuite> <!-- testng.PriorityTest -->
