<?xml version="1.0" encoding="UTF-8"?>
<!-- Generated by org.testng.reporters.JUnitReportReporter -->
<testsuite hostname="DESKTOP-NL73JDH" failures="0" tests="1" name="testng.NewTest" time="0.012" errors="0" timestamp="2022-11-19T13:18:29 CST" skipped="0">
  <testcase classname="testng.NewTest" name="f" time="0.012"/>
  <system-out/>
</testsuite> <!-- testng.NewTest -->
